<?xml version="1.0" encoding="UTF-8"?>
<testng-results skipped="0" failed="0" ignored="0" total="1" passed="1">
  <reporter-output>
  </reporter-output>
  <suite name="Surefire suite" duration-ms="16998" started-at="2019-01-09T07:53:07Z" finished-at="2019-01-09T07:53:24Z">
    <groups>
    </groups>
    <test name="Surefire test" duration-ms="16998" started-at="2019-01-09T07:53:07Z" finished-at="2019-01-09T07:53:24Z">
      <class name="com.altius.automation.TestAutomation">
        <test-method status="PASS" signature="browserlauching()[pri:0, instance:com.altius.automation.TestAutomation@531be3c5]" name="browserlauching" is-config="true" duration-ms="13900" started-at="2019-01-09T07:53:07Z" finished-at="2019-01-09T07:53:21Z">
          <reporter-output>
          </reporter-output>
        </test-method> <!-- browserlauching -->
        <test-method status="PASS" signature="OnlyCorrectUNPW()[pri:0, instance:com.altius.automation.TestAutomation@531be3c5]" name="OnlyCorrectUNPW" duration-ms="2241" started-at="2019-01-09T07:53:21Z" finished-at="2019-01-09T07:53:23Z">
          <reporter-output>
          </reporter-output>
        </test-method> <!-- OnlyCorrectUNPW -->
        <test-method status="PASS" signature="browserclose()[pri:0, instance:com.altius.automation.TestAutomation@531be3c5]" name="browserclose" is-config="true" duration-ms="802" started-at="2019-01-09T07:53:23Z" finished-at="2019-01-09T07:53:24Z">
          <reporter-output>
          </reporter-output>
        </test-method> <!-- browserclose -->
      </class> <!-- com.altius.automation.TestAutomation -->
    </test> <!-- Surefire test -->
  </suite> <!-- Surefire suite -->
</testng-results>
