<?xml version="1.0" encoding="UTF-8"?>
<!-- Generated by org.testng.reporters.JUnitXMLReporter -->
<testsuite hostname="ATW-7005" ignored="0" name="Browserlaunching" tests="7" failures="0" timestamp="17 Jan 2019 09:35:49 GMT" time="16.701" errors="0">
  <testcase name="WithoutUNPW" time="0.531" classname="com.altius.automation.Loginpage"/>
  <testcase name="wrongUN" time="1.741" classname="com.altius.automation.Loginpage"/>
  <testcase name="wrongPW" time="0.813" classname="com.altius.automation.Loginpage"/>
  <testcase name="wrongUNPW" time="1.098" classname="com.altius.automation.Loginpage"/>
  <testcase name="OnlyCorrectUN" time="0.871" classname="com.altius.automation.Loginpage"/>
  <testcase name="OnlycorrectPW" time="0.75" classname="com.altius.automation.Loginpage"/>
  <testcase name="OnlyCorrectUNPW" time="1.43" classname="com.altius.automation.Loginpage"/>
</testsuite> <!-- Browserlaunching -->
